<?xml version="1.0" encoding="UTF-8"?>
<!-- Generated by org.testng.reporters.JUnitReportReporter -->
<testsuite hostname="Hanishs-MacBook-Air.local" failures="0" tests="1" name="PallaviSelenium.ExtentReport.ExtentReportsDemo" time="7.403" errors="0" timestamp="2024-06-25T22:54:48 IST" skipped="0">
  <testcase classname="PallaviSelenium.ExtentReport.ExtentReportsDemo" name="initialDemo" time="7.403"/>
</testsuite> <!-- PallaviSelenium.ExtentReport.ExtentReportsDemo -->
